<?xml version="1.0" encoding="UTF-8"?>
<!-- Generated by org.testng.reporters.JUnitXMLReporter -->
<testsuite hostname="DESKTOP-NBQPCTP" ignored="0" name="Default test" tests="4" failures="0" timestamp="2021-03-27T18:36:42 IST" time="0.183" errors="0">
  <testcase name="LoginTest" time="0.025" classname="Conflict.ContacTest"/>
  <testcase name="Modify" time="0.006" classname="Conflict.ContacTest"/>
  <testcase name="Test" time="0.006" classname="Conflict.ContacTest"/>
  <testcase name="createcontactTest" time="0.007" classname="Conflict.ContacTest"/>
</testsuite> <!-- Default test -->
