<?xml version="1.0" encoding="UTF-8"?>
<!-- Generated by org.testng.reporters.JUnitXMLReporter -->
<testsuite hostname="DESKTOP-NBQPCTP" ignored="0" name="Test1" tests="5" failures="0" timestamp="2021-03-29T18:26:40 IST" time="0.209" errors="0">
  <testcase name="Loginlogout" time="0.031" classname="GitC.Contact"/>
  <testcase name="LoginTest" time="0.031" classname="Conflict.ContacTest"/>
  <testcase name="Modify" time="0.007" classname="Conflict.ContacTest"/>
  <testcase name="Test" time="0.015" classname="Conflict.ContacTest"/>
  <testcase name="orgTest" time="0.006" classname="Conflict.ContacTest"/>
</testsuite> <!-- Test1 -->
