<?xml version="1.0" encoding="UTF-8"?>
<testng-results skipped="0" failed="0" ignored="1" total="2" passed="1">
  <reporter-output>
  </reporter-output>
  <suite name="Suite" duration-ms="166" started-at="2021-03-31T13:56:11 IST" finished-at="2021-03-31T13:56:11 IST">
    <groups>
      <group name="smoke">
        <method signature="FLogin.openApp()[pri:0, instance:Conflict.FLogin@3b084709]" name="openApp" class="Conflict.FLogin"/>
      </group> <!-- smoke -->
    </groups>
    <test name="Test" duration-ms="166" started-at="2021-03-31T13:56:11 IST" finished-at="2021-03-31T13:56:11 IST">
      <class name="Conflict.FLogin">
        <test-method status="PASS" signature="openApp()[pri:0, instance:Conflict.FLogin@3b084709]" name="openApp" duration-ms="23" started-at="2021-03-31T13:56:11 IST" finished-at="2021-03-31T13:56:11 IST">
          <reporter-output>
          </reporter-output>
        </test-method> <!-- openApp -->
      </class> <!-- Conflict.FLogin -->
    </test> <!-- Test -->
  </suite> <!-- Suite -->
</testng-results>
